c:\users\sun\documents\visual studio 2019\projects\model-world\release\vc142.pdb
c:\users\sun\documents\visual studio 2019\projects\model-world\release\window.obj
c:\users\sun\documents\visual studio 2019\projects\model-world\release\texture.obj
c:\users\sun\documents\visual studio 2019\projects\model-world\release\spotlight.obj
c:\users\sun\documents\visual studio 2019\projects\model-world\release\skybox.obj
c:\users\sun\documents\visual studio 2019\projects\model-world\release\shadowmap.obj
c:\users\sun\documents\visual studio 2019\projects\model-world\release\shader.obj
c:\users\sun\documents\visual studio 2019\projects\model-world\release\random.obj
c:\users\sun\documents\visual studio 2019\projects\model-world\release\pointlight.obj
c:\users\sun\documents\visual studio 2019\projects\model-world\release\omnishadowmap.obj
c:\users\sun\documents\visual studio 2019\projects\model-world\release\model.obj
c:\users\sun\documents\visual studio 2019\projects\model-world\release\mesh.obj
c:\users\sun\documents\visual studio 2019\projects\model-world\release\material.obj
c:\users\sun\documents\visual studio 2019\projects\model-world\release\light.obj
c:\users\sun\documents\visual studio 2019\projects\model-world\release\directionallight.obj
c:\users\sun\documents\visual studio 2019\projects\model-world\release\camera.obj
c:\users\sun\documents\visual studio 2019\projects\model-world\release\model-world.obj
c:\users\sun\documents\visual studio 2019\projects\model-world\release\model-world.exe
c:\users\sun\documents\visual studio 2019\projects\model-world\release\model-world.pdb
c:\users\sun\documents\visual studio 2019\projects\model-world\release\model-world.ipdb
c:\users\sun\documents\visual studio 2019\projects\model-world\release\model-world.iobj
c:\users\sun\documents\visual studio 2019\projects\model-world\release\model-world.tlog\cl.command.1.tlog
c:\users\sun\documents\visual studio 2019\projects\model-world\release\model-world.tlog\cl.read.1.tlog
c:\users\sun\documents\visual studio 2019\projects\model-world\release\model-world.tlog\cl.write.1.tlog
c:\users\sun\documents\visual studio 2019\projects\model-world\release\model-world.tlog\link.command.1.tlog
c:\users\sun\documents\visual studio 2019\projects\model-world\release\model-world.tlog\link.read.1.tlog
c:\users\sun\documents\visual studio 2019\projects\model-world\release\model-world.tlog\link.write.1.tlog
c:\users\sun\documents\visual studio 2019\projects\model-world\release\model-world.tlog\model-world.write.1u.tlog
